<?xml version="1.0" encoding="UTF-8"?>
<testsuite name="TestSuite" time="24.322" tests="6" errors="0" skipped="0" failures="4">
  <properties>
    <property name="java.vendor" value="Oracle Corporation"/>
    <property name="JOB_NAME" value="Resident_Portal-CICD"/>
    <property name="RUN_TESTS_DISPLAY_URL" value="http://localhost:8080/job/Resident_Portal-CICD/11/display/redirect?page=tests"/>
    <property name="sun.java.launcher" value="SUN_STANDARD"/>
    <property name="NUMBER_OF_PROCESSORS" value="4"/>
    <property name="sun.management.compiler" value="HotSpot 64-Bit Tiered Compilers"/>
    <property name="JENKINS_HOME" value="C:\Windows\system32\config\systemprofile\AppData\Local\Jenkins\.jenkins"/>
    <property name="HUDSON_SERVER_COOKIE" value="e229dbbdfecfbb65"/>
    <property name="POM_ARTIFACTID" value="Resident_portal"/>
    <property name="os.name" value="Windows 10"/>
    <property name="sun.boot.class.path" value="C:\Program Files\Java\jdk1.8.0_281\jre\lib\resources.jar;C:\Program Files\Java\jdk1.8.0_281\jre\lib\rt.jar;C:\Program Files\Java\jdk1.8.0_281\jre\lib\sunrsasign.jar;C:\Program Files\Java\jdk1.8.0_281\jre\lib\jsse.jar;C:\Program Files\Java\jdk1.8.0_281\jre\lib\jce.jar;C:\Program Files\Java\jdk1.8.0_281\jre\lib\charsets.jar;C:\Program Files\Java\jdk1.8.0_281\jre\lib\jfr.jar;C:\Program Files\Java\jdk1.8.0_281\jre\classes"/>
    <property name="EXECUTOR_NUMBER" value="1"/>
    <property name="sun.desktop" value="windows"/>
    <property name="PATHEXT" value=".COM;.EXE;.BAT;.CMD;.VBS;.VBE;.JS;.JSE;.WSF;.WSH;.MSC;.PY;.PYW"/>
    <property name="java.vm.specification.vendor" value="Oracle Corporation"/>
    <property name="POM_DISPLAYNAME" value="Resident_portal"/>
    <property name="NODE_LABELS" value="master"/>
    <property name="TEMP" value="C:\Windows\TEMP"/>
    <property name="java.runtime.version" value="1.8.0_281-b09"/>
    <property name="WINSW_SERVICE_ID" value="jenkins"/>
    <property name="user.name" value="QA-ARATHOD01$"/>
    <property name="guice.disable.misplaced.annotation.check" value="true"/>
    <property name="CommonProgramW6432" value="C:\Program Files\Common Files"/>
    <property name="ProgramFiles" value="C:\Program Files"/>
    <property name="user.language" value="en"/>
    <property name="JOB_BASE_NAME" value="Resident_Portal-CICD"/>
    <property name="RUN_CHANGES_DISPLAY_URL" value="http://localhost:8080/job/Resident_Portal-CICD/11/display/redirect?page=changes"/>
    <property name="BUILD_DISPLAY_NAME" value="#11"/>
    <property name="sun.boot.library.path" value="C:\Program Files\Java\jdk1.8.0_281\jre\bin"/>
    <property name="LOCALAPPDATA" value="C:\Windows\system32\config\systemprofile\AppData\Local"/>
    <property name="java.version" value="1.8.0_281"/>
    <property name="PROCESSOR_LEVEL" value="6"/>
    <property name="user.timezone" value="GMT+05:30"/>
    <property name="USERNAME" value="QA-ARATHOD01$"/>
    <property name="sun.arch.data.model" value="64"/>
    <property name="NODE_NAME" value="master"/>
    <property name="java.endorsed.dirs" value="C:\Program Files\Java\jdk1.8.0_281\jre\lib\endorsed"/>
    <property name="BUILD_ID" value="11"/>
    <property name="sun.cpu.isalist" value="amd64"/>
    <property name="sun.jnu.encoding" value="Cp1252"/>
    <property name="file.encoding.pkg" value="sun.io"/>
    <property name="file.separator" value="\"/>
    <property name="java.specification.name" value="Java Platform API Specification"/>
    <property name="maven.conf" value="C:\apache-maven-3.6.3\conf"/>
    <property name="M2_Home" value="C:\apache-maven-3.6.3\"/>
    <property name="java.class.version" value="52.0"/>
    <property name="org.slf4j.simpleLogger.defaultLogLevel" value="info"/>
    <property name="user.country" value="IN"/>
    <property name="ALLUSERSPROFILE" value="C:\ProgramData"/>
    <property name="java.home" value="C:\Program Files\Java\jdk1.8.0_281\jre"/>
    <property name="java.vm.info" value="mixed mode"/>
    <property name="os.version" value="10.0"/>
    <property name="RUN_DISPLAY_URL" value="http://localhost:8080/job/Resident_Portal-CICD/11/display/redirect"/>
    <property name="POM_VERSION" value="0.0.1-SNAPSHOT"/>
    <property name="TMP" value="C:\Windows\TEMP"/>
    <property name="RUN_ARTIFACTS_DISPLAY_URL" value="http://localhost:8080/job/Resident_Portal-CICD/11/display/redirect?page=artifacts"/>
    <property name="path.separator" value=";"/>
    <property name="java.vm.version" value="25.281-b09"/>
    <property name="user.variant" value=""/>
    <property name="MAVEN_Home" value="C:\apache-maven-3.6.3\"/>
    <property name="JOB_DISPLAY_URL" value="http://localhost:8080/job/Resident_Portal-CICD/display/redirect"/>
    <property name="CommonProgramFiles(x86)" value="C:\Program Files (x86)\Common Files"/>
    <property name="java.awt.printerjob" value="sun.awt.windows.WPrinterJob"/>
    <property name="JAVA_HOME" value="C:\Program Files\Java\jdk1.8.0_281"/>
    <property name="sun.io.unicode.encoding" value="UnicodeLittle"/>
    <property name="CommonProgramFiles" value="C:\Program Files\Common Files"/>
    <property name="ComSpec" value="C:\Windows\system32\cmd.exe"/>
    <property name="awt.toolkit" value="sun.awt.windows.WToolkit"/>
    <property name="POM_PACKAGING" value="jar"/>
    <property name="asl.log" value="Destination=file"/>
    <property name="user.script" value=""/>
    <property name="SERVICE_ID" value="jenkins"/>
    <property name="COMPUTERNAME" value="QA-ARATHOD01"/>
    <property name="POM_GROUPID" value="Resident_portal"/>
    <property name="VBOX_MSI_INSTALL_PATH" value="C:\Program Files\Oracle\VirtualBox\"/>
    <property name="user.home" value="C:\Windows\system32\config\systemprofile"/>
    <property name="PUBLIC" value="C:\Users\Public"/>
    <property name="BUILD_TAG" value="jenkins-Resident_Portal-CICD-11"/>
    <property name="JENKINS_SERVER_COOKIE" value="e229dbbdfecfbb65"/>
    <property name="HUDSON_URL" value="http://localhost:8080/"/>
    <property name="ProgramData" value="C:\ProgramData"/>
    <property name="java.specification.vendor" value="Oracle Corporation"/>
    <property name="USERPROFILE" value="C:\Windows\system32\config\systemprofile"/>
    <property name="CLASSPATH" value=""/>
    <property name="java.vendor.url" value="http://java.oracle.com/"/>
    <property name="java.library.path" value="C:\Program Files\Java\jdk1.8.0_281\bin;C:\Windows\Sun\Java\bin;C:\Windows\system32;C:\Windows;C:\apache-maven-3.6.3\/bin;C:\Program Files\Java\jdk1.8.0_281/bin;C:\Program Files\Java\jdk1.8.0_281/bin;C:\Program Files\Python38\Scripts\;C:\Program Files\Python38\;C:\Program Files (x86)\Common Files\Oracle\Java\javapath;C:\Windows\system32;C:\Windows;C:\Windows\System32\Wbem;C:\Windows\System32\WindowsPowerShell\v1.0\;C:\Windows\System32\OpenSSH\;C:\svn\Mounts\DevelopmentEnvironmentTools\XAMPP\extension\imagick_support;C:\svn\PsLibraries\trunk\Libraries\External\PHP_CodeSniffer\vendor\bin\phpcs.bat;C:\xampp\apache\bin;C:\xampp\php;C:\Program Files\TortoiseGit\bin;C:\HashiCorp\Vagrant\bin;C:\Program Files\Git\cmd;C:\Program Files\TortoiseSVN\bin;C:\Program Files\Java\jdk1.8.0_281\bin;C:\Users\arathod01\AppData\Local\Android\Sdk\tools\bin;C:\Users\arathod01\AppData\Local\Android\Sdk\tools;C:\Users\arathod01\AppData\Local\Android\Sdk\platform-tools;C:\apache-maven-3.6.3\bin;C:\Windows\system32\config\systemprofile\AppData\Local\Microsoft\WindowsApps;."/>
    <property name="java.vm.vendor" value="Oracle Corporation"/>
    <property name="APPDATA" value="C:\Windows\system32\config\systemprofile\AppData\Roaming"/>
    <property name="java.runtime.name" value="Java(TM) SE Runtime Environment"/>
    <property name="maven.home" value="C:\apache-maven-3.6.3"/>
    <property name="java.class.path" value="C:\Windows\system32\config\systemprofile\AppData\Local\Jenkins\.jenkins\plugins\maven-plugin\WEB-INF\lib\maven35-agent-1.13.jar;C:\apache-maven-3.6.3\boot\plexus-classworlds-2.6.0.jar;C:\apache-maven-3.6.3/conf/logging"/>
    <property name="sun.java.command" value="jenkins.maven3.agent.Maven35Main C:\apache-maven-3.6.3\ C:\Windows\System32\config\systemprofile\AppData\Local\Jenkins\war\WEB-INF\lib\remoting-4.6.jar C:\Windows\system32\config\systemprofile\AppData\Local\Jenkins\.jenkins\plugins\maven-plugin\WEB-INF\lib\maven35-interceptor-1.13.jar C:\Windows\system32\config\systemprofile\AppData\Local\Jenkins\.jenkins\plugins\maven-plugin\WEB-INF\lib\maven3-interceptor-commons-1.13.jar 63201"/>
    <property name="Path" value="C:\Program Files\Java\jdk1.8.0_281/bin;C:\Program Files\Python38\Scripts\;C:\Program Files\Python38\;C:\Program Files (x86)\Common Files\Oracle\Java\javapath;C:\Windows\system32;C:\Windows;C:\Windows\System32\Wbem;C:\Windows\System32\WindowsPowerShell\v1.0\;C:\Windows\System32\OpenSSH\;C:\svn\Mounts\DevelopmentEnvironmentTools\XAMPP\extension\imagick_support;C:\svn\PsLibraries\trunk\Libraries\External\PHP_CodeSniffer\vendor\bin\phpcs.bat;C:\xampp\apache\bin;C:\xampp\php;C:\Program Files\TortoiseGit\bin;C:\HashiCorp\Vagrant\bin;C:\Program Files\Git\cmd;C:\Program Files\TortoiseSVN\bin;C:\Program Files\Java\jdk1.8.0_281\bin;C:\Users\arathod01\AppData\Local\Android\Sdk\tools\bin;C:\Users\arathod01\AppData\Local\Android\Sdk\tools;C:\Users\arathod01\AppData\Local\Android\Sdk\platform-tools;C:\apache-maven-3.6.3\bin;C:\Windows\system32\config\systemprofile\AppData\Local\Microsoft\WindowsApps"/>
    <property name="java.vm.specification.name" value="Java Virtual Machine Specification"/>
    <property name="PROCESSOR_ARCHITECTURE" value="AMD64"/>
    <property name="PATH+JDK" value="C:\Program Files\Java\jdk1.8.0_281/bin"/>
    <property name="PROCESSOR_IDENTIFIER" value="Intel64 Family 6 Model 94 Stepping 3, GenuineIntel"/>
    <property name="java.vm.specification.version" value="1.8"/>
    <property name="sun.os.patch.level" value=""/>
    <property name="sun.cpu.endian" value="little"/>
    <property name="java.io.tmpdir" value="C:\Windows\TEMP\"/>
    <property name="OS" value="Windows_NT"/>
    <property name="HUDSON_HOME" value="C:\Windows\system32\config\systemprofile\AppData\Local\Jenkins\.jenkins"/>
    <property name="PATH+MAVEN" value="C:\apache-maven-3.6.3\/bin"/>
    <property name="ProgramFiles(x86)" value="C:\Program Files (x86)"/>
    <property name="BUILD_URL" value="http://localhost:8080/job/Resident_Portal-CICD/11/"/>
    <property name="java.vendor.url.bug" value="http://bugreport.sun.com/bugreport/"/>
    <property name="java.awt.graphicsenv" value="sun.awt.Win32GraphicsEnvironment"/>
    <property name="os.arch" value="amd64"/>
    <property name="SystemRoot" value="C:\Windows"/>
    <property name="java.ext.dirs" value="C:\Program Files\Java\jdk1.8.0_281\jre\lib\ext;C:\Windows\Sun\Java\lib\ext"/>
    <property name="user.dir" value="C:\Users\arathod01\workspace\Resident_portal"/>
    <property name="JOB_URL" value="http://localhost:8080/job/Resident_Portal-CICD/"/>
    <property name="USERDOMAIN" value="DC2"/>
    <property name="line.separator" value="&#10;"/>
    <property name="java.vm.name" value="Java HotSpot(TM) 64-Bit Server VM"/>
    <property name="BUILD_NUMBER" value="11"/>
    <property name="BASE" value="C:\Program Files\Jenkins"/>
    <property name="ANDROID_HOME" value="C:\Users\arathod01\AppData\Local\Android\Sdk"/>
    <property name="JENKINS_URL" value="http://localhost:8080/"/>
    <property name="PROCESSOR_REVISION" value="5e03"/>
    <property name="ProgramW6432" value="C:\Program Files"/>
    <property name="windir" value="C:\Windows"/>
    <property name="file.encoding" value="Cp1252"/>
    <property name="SystemDrive" value="C:"/>
    <property name="maven3.interceptor" value="C:\Windows\system32\config\systemprofile\AppData\Local\Jenkins\.jenkins\plugins\maven-plugin\WEB-INF\lib\maven35-interceptor-1.13.jar"/>
    <property name="WORKSPACE_TMP" value="C:\Windows\system32\config\systemprofile\AppData\Local\Jenkins\.jenkins\workspace\Resident_Portal-CICD@tmp"/>
    <property name="WORKSPACE" value="C:\Windows\system32\config\systemprofile\AppData\Local\Jenkins\.jenkins\workspace\Resident_Portal-CICD"/>
    <property name="maven3.interceptor.common" value="C:\Windows\system32\config\systemprofile\AppData\Local\Jenkins\.jenkins\plugins\maven-plugin\WEB-INF\lib\maven3-interceptor-commons-1.13.jar"/>
    <property name="WINSW_EXECUTABLE" value="C:\Program Files\Jenkins\jenkins.exe"/>
    <property name="java.specification.version" value="1.8"/>
    <property name="PSModulePath" value="C:\Program Files\WindowsPowerShell\Modules;C:\Windows\system32\WindowsPowerShell\v1.0\Modules"/>
    <property name="DriverData" value="C:\Windows\System32\Drivers\DriverData"/>
  </properties>
  <testcase name="Login_test" classname="Tests.Login_Page" time="14.936"/>
  <testcase name="Login_data" classname="Tests.Login_Page_Read_Excel" time="9.386">
    <failure message="expected [true] but found [false]" type="java.lang.AssertionError">java.lang.AssertionError: expected [true] but found [false]
	at org.testng.Assert.fail(Assert.java:94)
	at org.testng.Assert.failNotEquals(Assert.java:494)
	at org.testng.Assert.assertTrue(Assert.java:42)
	at org.testng.Assert.assertTrue(Assert.java:52)
	at Tests.Login_Page_Read_Excel.Login_data(Login_Page_Read_Excel.java:49)
</failure>
    <system-out><![CDATA[App opened succesfuly
 INFO [main] (Login_Page_Read_Excel.java:20)- Got username
 INFO [main] (Login_Page_Read_Excel.java:23)- Got pass
 INFO [main] (Login_Page_Read_Excel.java:26)- Got clicked
User Login
 INFO [main] (Login_Page_Read_Excel.java:31)- Got Title
Screenshot captured
Login failed
]]></system-out>
    <system-err><![CDATA[May 14, 2021 12:21:45 AM io.appium.java_client.remote.AppiumCommandExecutor$1 lambda$0
INFO: Detected dialect: W3C
]]></system-err>
  </testcase>
  <testcase name="Login_data" classname="Tests.Login_Page_Read_Excel" time="25.093"/>
  <testcase name="Login_data" classname="Tests.Login_Page_Read_Excel" time="14.825">
    <failure message="expected [true] but found [false]" type="java.lang.AssertionError">java.lang.AssertionError: expected [true] but found [false]
	at org.testng.Assert.fail(Assert.java:94)
	at org.testng.Assert.failNotEquals(Assert.java:494)
	at org.testng.Assert.assertTrue(Assert.java:42)
	at org.testng.Assert.assertTrue(Assert.java:52)
	at Tests.Login_Page_Read_Excel.Login_data(Login_Page_Read_Excel.java:49)
</failure>
    <system-out><![CDATA[ INFO [main] (Login_Page_Read_Excel.java:20)- Got username
 INFO [main] (Login_Page_Read_Excel.java:23)- Got pass
 INFO [main] (Login_Page_Read_Excel.java:26)- Got clicked
User Login
 INFO [main] (Login_Page_Read_Excel.java:31)- Got Title
Screenshot captured
Login failed
]]></system-out>
  </testcase>
  <testcase name="Login_data" classname="Tests.Login_Page_Read_Excel" time="8.251">
    <failure message="expected [true] but found [false]" type="java.lang.AssertionError">java.lang.AssertionError: expected [true] but found [false]
	at org.testng.Assert.fail(Assert.java:94)
	at org.testng.Assert.failNotEquals(Assert.java:494)
	at org.testng.Assert.assertTrue(Assert.java:42)
	at org.testng.Assert.assertTrue(Assert.java:52)
	at Tests.Login_Page_Read_Excel.Login_data(Login_Page_Read_Excel.java:49)
</failure>
    <system-out><![CDATA[ INFO [main] (Login_Page_Read_Excel.java:20)- Got username
 INFO [main] (Login_Page_Read_Excel.java:23)- Got pass
 INFO [main] (Login_Page_Read_Excel.java:26)- Got clicked
User Login
 INFO [main] (Login_Page_Read_Excel.java:31)- Got Title
Screenshot captured
Login failed
]]></system-out>
  </testcase>
  <testcase name="Login_data" classname="Tests.Login_Page_Read_Excel" time="8.028">
    <failure message="expected [true] but found [false]" type="java.lang.AssertionError">java.lang.AssertionError: expected [true] but found [false]
	at org.testng.Assert.fail(Assert.java:94)
	at org.testng.Assert.failNotEquals(Assert.java:494)
	at org.testng.Assert.assertTrue(Assert.java:42)
	at org.testng.Assert.assertTrue(Assert.java:52)
	at Tests.Login_Page_Read_Excel.Login_data(Login_Page_Read_Excel.java:49)
</failure>
    <system-out><![CDATA[ INFO [main] (Login_Page_Read_Excel.java:20)- Got username
 INFO [main] (Login_Page_Read_Excel.java:23)- Got pass
 INFO [main] (Login_Page_Read_Excel.java:26)- Got clicked
User Login
 INFO [main] (Login_Page_Read_Excel.java:31)- Got Title
Screenshot captured
Login failed
]]></system-out>
  </testcase>
</testsuite>